"../../../Engine/Content/EditorBlueprintResources/StandardMacros.uasset" 0
"D:/Unreal Engine/GitProjects/ExtraCredits_jam4th_multiplayer/Content/ExampleAdvancedSessionsFunctionsChar.uasset" 1
"D:/Unreal Engine/GitProjects/ExtraCredits_jam4th_multiplayer/Content/Art/Materials/M_Base.uasset" 2
"D:/Unreal Engine/GitProjects/ExtraCredits_jam4th_multiplayer/Content/Art/M_Base.uasset" 3
"D:/Unreal Engine/GitProjects/ExtraCredits_jam4th_multiplayer/Content/Art/Textures/character/magnet_bot_positive_texture.uasset" 4
"D:/Unreal Engine/GitProjects/ExtraCredits_jam4th_multiplayer/Content/Art/Materials/M_+Polarity.uasset" 5
"D:/Unreal Engine/GitProjects/ExtraCredits_jam4th_multiplayer/Content/Art/Textures/character/magnet_bot_negative_texture.uasset" 6
"D:/Unreal Engine/GitProjects/ExtraCredits_jam4th_multiplayer/Content/Art/Materials/M_-Polarity.uasset" 7
"../../../Engine/Content/Functions/Engine_MaterialFunctions02/Math/AddComponents.uasset" 8
"D:/Unreal Engine/GitProjects/ExtraCredits_jam4th_multiplayer/Content/Art/Materials/M_ToonShader2.uasset" 9
"../../../Engine/Content/EditorBlueprintResources/ActorMacros.uasset" 10
"D:/Unreal Engine/GitProjects/ExtraCredits_jam4th_multiplayer/Content/MultiplayerTemplate/Blueprints/AllLevels/Maps.uasset" 11
"D:/Unreal Engine/GitProjects/ExtraCredits_jam4th_multiplayer/Content/MultiplayerTemplate/Blueprints/MainMenu/WBP_ServerEntry.uasset" 12
"D:/Unreal Engine/GitProjects/ExtraCredits_jam4th_multiplayer/Content/MultiplayerTemplate/Blueprints/MainMenu/WBP_ServerList.uasset" 13
"D:/Unreal Engine/GitProjects/ExtraCredits_jam4th_multiplayer/Content/MultiplayerTemplate/Blueprints/AllLevels/WBP_ErrorMessage.uasset" 14
"D:/Unreal Engine/GitProjects/ExtraCredits_jam4th_multiplayer/Content/MultiplayerTemplate/Blueprints/AllLevels/WBP_LoadingScreen.uasset" 15
"D:/Unreal Engine/GitProjects/ExtraCredits_jam4th_multiplayer/Content/MultiplayerTemplate/Blueprints/Lobby/WBP_SessionInvitation.uasset" 16
"D:/Unreal Engine/GitProjects/ExtraCredits_jam4th_multiplayer/Content/MultiplayerTemplate/Blueprints/MainMenu/WBP_HostMenu.uasset" 17
"D:/Unreal Engine/GitProjects/ExtraCredits_jam4th_multiplayer/Content/MultiplayerTemplate/Blueprints/MainMenu/WBP_MainMenu.uasset" 18
"D:/Unreal Engine/GitProjects/ExtraCredits_jam4th_multiplayer/Content/MultiplayerTemplate/Blueprints/MainMenu/WBP_ServerMenu.uasset" 19
"D:/Unreal Engine/GitProjects/ExtraCredits_jam4th_multiplayer/Content/MultiplayerTemplate/Blueprints/AllLevels/MultiplayerTemplateGameInstance.uasset" 20
"D:/Unreal Engine/GitProjects/ExtraCredits_jam4th_multiplayer/Content/MultiplayerTemplate/Blueprints/AllLevels/WBP_Countdown_Time_ByeBye.uasset" 21
"D:/Unreal Engine/GitProjects/ExtraCredits_jam4th_multiplayer/Content/MultiplayerTemplate/Blueprints/AllLevels/WBP_Countdown_Time_Game_Over.uasset" 22
"D:/Unreal Engine/GitProjects/ExtraCredits_jam4th_multiplayer/Content/MultiplayerTemplate/Blueprints/AllLevels/WBP_Countdown_Time_Start.uasset" 23
"D:/Unreal Engine/GitProjects/ExtraCredits_jam4th_multiplayer/Content/MultiplayerTemplate/Blueprints/Gameplay/WBP_GameplayMenu.uasset" 24
"../../../Engine/Content/VREditor/Devices/Vive/UE4_Logo.uasset" 25
"D:/Unreal Engine/GitProjects/ExtraCredits_jam4th_multiplayer/Content/MultiplayerTemplate/Blueprints/AllLevels/PlayerInfo.uasset" 26
"D:/Unreal Engine/GitProjects/ExtraCredits_jam4th_multiplayer/Content/MultiplayerTemplate/Blueprints/Lobby/LobbyPlayerController.uasset" 27
"D:/Unreal Engine/GitProjects/ExtraCredits_jam4th_multiplayer/Content/MultiplayerTemplate/Blueprints/Lobby/LobbyPlayerState.uasset" 28
"D:/Unreal Engine/GitProjects/ExtraCredits_jam4th_multiplayer/Content/MultiplayerTemplate/Blueprints/Lobby/LobbyGameState.uasset" 29
"D:/Unreal Engine/GitProjects/ExtraCredits_jam4th_multiplayer/Content/MultiplayerTemplate/Blueprints/Lobby/WBP_Player_Entry.uasset" 30
"D:/Unreal Engine/GitProjects/ExtraCredits_jam4th_multiplayer/Content/MultiplayerTemplate/Blueprints/Lobby/WBP_LobbyMenu.uasset" 31
"D:/Unreal Engine/GitProjects/ExtraCredits_jam4th_multiplayer/Content/MultiplayerTemplate/Blueprints/Gameplay/GameplayPlayerController.uasset" 32
"D:/Unreal Engine/GitProjects/ExtraCredits_jam4th_multiplayer/Content/Core/EPolarities.uasset" 33
"D:/Unreal Engine/GitProjects/ExtraCredits_jam4th_multiplayer/Content/MultiplayerTemplate/Blueprints/Gameplay/GameplayPlayerState.uasset" 34
"D:/Unreal Engine/GitProjects/ExtraCredits_jam4th_multiplayer/Content/Mannequin/Character/Mesh/UE4_Mannequin_Skeleton.uasset" 35
"D:/Unreal Engine/GitProjects/ExtraCredits_jam4th_multiplayer/Content/Mannequin/Animations/ThirdPerson_Jump.uasset" 36
"D:/Unreal Engine/GitProjects/ExtraCredits_jam4th_multiplayer/Content/Mannequin/Animations/ThirdPersonJump_Loop.uasset" 37
"D:/Unreal Engine/GitProjects/ExtraCredits_jam4th_multiplayer/Content/Mannequin/Animations/ThirdPersonJump_Start.uasset" 38
"D:/Unreal Engine/GitProjects/ExtraCredits_jam4th_multiplayer/Content/Mannequin/Animations/ThirdPersonIdle.uasset" 39
"D:/Unreal Engine/GitProjects/ExtraCredits_jam4th_multiplayer/Content/Mannequin/Animations/ThirdPersonRun.uasset" 40
"D:/Unreal Engine/GitProjects/ExtraCredits_jam4th_multiplayer/Content/Mannequin/Animations/ThirdPersonWalk.uasset" 41
"D:/Unreal Engine/GitProjects/ExtraCredits_jam4th_multiplayer/Content/Mannequin/Animations/ThirdPerson_IdleRun_2D.uasset" 42
"D:/Unreal Engine/GitProjects/ExtraCredits_jam4th_multiplayer/Content/Mannequin/Animations/ThirdPerson_AnimBP.uasset" 43
"D:/Unreal Engine/GitProjects/ExtraCredits_jam4th_multiplayer/Content/Core/Interfaces/I_Interactable.uasset" 44
"../../../Engine/Content/Functions/Engine_MaterialFunctions02/Utility/BlendAngleCorrectedNormals.uasset" 45
"../../../Engine/Content/Functions/MaterialLayerFunctions/MatLayerBlend_NormalBlend.uasset" 46
"../../../Engine/Content/Functions/MaterialLayerFunctions/MatLayerBlend_Simple.uasset" 47
"D:/Unreal Engine/GitProjects/ExtraCredits_jam4th_multiplayer/Content/Mannequin/Character/Materials/MaterialLayers/T_ML_Rubber_Blue_01_D.uasset" 48
"D:/Unreal Engine/GitProjects/ExtraCredits_jam4th_multiplayer/Content/Mannequin/Character/Materials/MaterialLayers/T_ML_Rubber_Blue_01_N.uasset" 49
"D:/Unreal Engine/GitProjects/ExtraCredits_jam4th_multiplayer/Content/Mannequin/Character/Materials/MaterialLayers/ML_GlossyBlack_Latex_UE4.uasset" 50
"D:/Unreal Engine/GitProjects/ExtraCredits_jam4th_multiplayer/Content/Mannequin/Character/Materials/MaterialLayers/ML_Plastic_Shiny_Beige.uasset" 51
"D:/Unreal Engine/GitProjects/ExtraCredits_jam4th_multiplayer/Content/Mannequin/Character/Textures/UE4_LOGO_CARD.uasset" 52
"D:/Unreal Engine/GitProjects/ExtraCredits_jam4th_multiplayer/Content/Mannequin/Character/Materials/MaterialLayers/ML_Plastic_Shiny_Beige_LOGO.uasset" 53
"D:/Unreal Engine/GitProjects/ExtraCredits_jam4th_multiplayer/Content/Mannequin/Character/Materials/MaterialLayers/T_ML_Aluminum01.uasset" 54
"D:/Unreal Engine/GitProjects/ExtraCredits_jam4th_multiplayer/Content/Mannequin/Character/Materials/MaterialLayers/T_ML_Aluminum01_N.uasset" 55
"D:/Unreal Engine/GitProjects/ExtraCredits_jam4th_multiplayer/Content/Mannequin/Character/Materials/MaterialLayers/ML_SoftMetal_UE4.uasset" 56
"D:/Unreal Engine/GitProjects/ExtraCredits_jam4th_multiplayer/Content/Mannequin/Character/Textures/UE4_Mannequin__normals.uasset" 57
"D:/Unreal Engine/GitProjects/ExtraCredits_jam4th_multiplayer/Content/Mannequin/Character/Textures/UE4_Mannequin_MAT_MASKA.uasset" 58
"D:/Unreal Engine/GitProjects/ExtraCredits_jam4th_multiplayer/Content/Mannequin/Character/Materials/M_UE4Man_Body.uasset" 59
"D:/Unreal Engine/GitProjects/ExtraCredits_jam4th_multiplayer/Content/Art/Materials/M_Green.uasset" 60
"../../../Engine/Content/VREditor/Sounds/UI/Dockable_Window_Close.uasset" 61
"D:/Unreal Engine/GitProjects/ExtraCredits_jam4th_multiplayer/Content/Mannequin/Character/Textures/UE4Man_Logo_N.uasset" 62
"D:/Unreal Engine/GitProjects/ExtraCredits_jam4th_multiplayer/Content/Mannequin/Character/Materials/M_UE4Man_ChestLogo.uasset" 63
"D:/Unreal Engine/GitProjects/ExtraCredits_jam4th_multiplayer/Content/Mannequin/Character/Mesh/SK_Mannequin_PhysicsAsset.uasset" 64
"D:/Unreal Engine/GitProjects/ExtraCredits_jam4th_multiplayer/Content/Mannequin/Character/Mesh/SK_Mannequin.uasset" 65
"D:/Unreal Engine/GitProjects/ExtraCredits_jam4th_multiplayer/Content/ThirdPersonBP/Blueprints/ThirdPersonCharacter.uasset" 66
"D:/Unreal Engine/GitProjects/ExtraCredits_jam4th_multiplayer/Content/MultiplayerTemplate/Blueprints/Gameplay/GameplayGameMode.uasset" 67
"D:/Unreal Engine/GitProjects/ExtraCredits_jam4th_multiplayer/Content/MultiplayerTemplate/Blueprints/Gameplay/GameplayGameState.uasset" 68
"D:/Unreal Engine/GitProjects/ExtraCredits_jam4th_multiplayer/Content/Core/BP_GameModeTest_DONTUSE.uasset" 69
"D:/Unreal Engine/GitProjects/ExtraCredits_jam4th_multiplayer/Content/Core/Components/BP_Attraction.uasset" 70
"D:/Unreal Engine/GitProjects/ExtraCredits_jam4th_multiplayer/Content/Core/Components/BP_Repulsion.uasset" 71
"D:/Unreal Engine/GitProjects/ExtraCredits_jam4th_multiplayer/Content/MultiplayerTemplate/Blueprints/Lobby/WBP_Friendlist_Entry.uasset" 72
"D:/Unreal Engine/GitProjects/ExtraCredits_jam4th_multiplayer/Content/MultiplayerTemplate/Blueprints/Lobby/WBP_FriendList.uasset" 73
"D:/Unreal Engine/GitProjects/ExtraCredits_jam4th_multiplayer/Content/Core/UI/BPW_MagnetPolarity.uasset" 74
"D:/Unreal Engine/GitProjects/ExtraCredits_jam4th_multiplayer/Content/ThirdPersonBP/Blueprints/MagnetCharacter.uasset" 75
"../../../Engine/Content/Animation/DefaultAnimCurveCompressionSettings.uasset" 76
"../../../Engine/Content/Functions/Engine_MaterialFunctions01/Opacity/CameraDepthFade.uasset" 77
"../../../Engine/Content/EngineMaterials/T_Default_Material_Grid_M.uasset" 78
"../../../Engine/Content/EngineMaterials/T_Default_Material_Grid_N.uasset" 79
"../../../Engine/Content/EngineMaterials/WorldGridMaterial.uasset" 80
"../../../Engine/Content/ArtTools/RenderToTexture/Meshes/S_1_Unit_Plane.uasset" 81
"../../../Engine/Content/EngineMaterials/DefaultMaterial.uasset" 82
"../../../Engine/Content/BasicShapes/Cone.uasset" 83
"../../../Engine/Content/BasicShapes/Plane.uasset" 84
"../../../Engine/Content/BasicShapes/Sphere.uasset" 85
"../../../Engine/Content/EditorLandscapeResources/DataLayer.uasset" 86
"../../../Engine/Content/EditorMaterials/GizmoMaterial.uasset" 87
"../../../Engine/Content/EditorMaterials/MAT_Groups_Toggle.uasset" 88
"../../../Engine/Content/EditorMaterials/MAT_Groups_Visibility.uasset" 89
"../../../Engine/Content/EditorMaterials/PreviewShadowIndicator.uasset" 90
"../../../Engine/Content/EditorMaterials/PreviewShadowIndicatorMaterial.uasset" 91
"../../../Engine/Content/EditorMaterials/MatineeGroups/MAT_ColorTrack.uasset" 92
"../../../Engine/Content/EditorMaterials/MatineeGroups/MAT_Groups_Anim.uasset" 93
"../../../Engine/Content/EditorMaterials/MatineeGroups/MAT_Groups_AudioMaster.uasset" 94
"../../../Engine/Content/EditorMaterials/MatineeGroups/MAT_Groups_Director.uasset" 95
"../../../Engine/Content/EditorMaterials/MatineeGroups/MAT_Groups_Event.uasset" 96
"../../../Engine/Content/EditorMaterials/MatineeGroups/MAT_Groups_Fade.uasset" 97
"../../../Engine/Content/EditorMaterials/MatineeGroups/MAT_Groups_Float.uasset" 98
"../../../Engine/Content/EditorMaterials/MatineeGroups/MAT_Groups_Move.uasset" 99
"../../../Engine/Content/EditorMaterials/MatineeGroups/MAT_Groups_Slomo.uasset" 100
"../../../Engine/Content/EditorMaterials/MatineeGroups/MAT_Groups_Sound.uasset" 101
"../../../Engine/Content/EditorMaterials/MatineeGroups/MAT_Groups_Vector.uasset" 102
"../../../Engine/Content/EditorMaterials/ParticleSystems/PSysThumbnail_NoImage.uasset" 103
"../../../Engine/Content/EditorMaterials/ParticleSystems/PSysThumbnail_OOD.uasset" 104
"../../../Engine/Content/EditorMaterials/Camera/CineMat.uasset" 105
"../../../Engine/Content/EditorMaterials/Camera/MI_CineMat_Rig.uasset" 106
"../../../Engine/Content/EditorMeshes/Camera/SM_CraneRig_Arm.uasset" 107
"../../../Engine/Content/EditorMeshes/Camera/SM_CraneRig_Base.uasset" 108
"../../../Engine/Content/EditorMeshes/Camera/SM_CraneRig_Body.uasset" 109
"../../../Engine/Content/EditorMeshes/Camera/SM_CraneRig_Mount.uasset" 110
"../../../Engine/Content/EditorMeshes/Camera/SM_RailRig_Mount.uasset" 111
"../../../Engine/Content/EditorMeshes/Camera/SM_RailRig_Track.uasset" 112
"../../../Engine/Content/EditorResources/BSPVertex.uasset" 113
"../../../Engine/Content/EditorResources/EmptyActor.uasset" 114
"../../../Engine/Content/EditorResources/S_Actor.uasset" 115
"../../../Engine/Content/EditorResources/S_Note.uasset" 116
"../../../Engine/Content/EditorResources/S_Trigger.uasset" 117
"../../../Engine/Content/EditorResources/LightIcons/S_LightError.uasset" 118
"../../../Engine/Content/EditorResources/SequenceRecorder/Countdown.uasset" 119
"../../../Engine/Content/EditorResources/SequenceRecorder/RecordingIndicator.uasset" 120
"../../../Engine/Content/EditorSounds/Notifications/CompileFailed.uasset" 121
"../../../Engine/Content/EditorSounds/Notifications/CompileFailed_Cue.uasset" 122
"../../../Engine/Content/EditorSounds/Notifications/CompileSuccess.uasset" 123
"../../../Engine/Content/EditorSounds/Notifications/CompileStart_Cue.uasset" 124
"../../../Engine/Content/EditorSounds/Notifications/CompileSuccess_Cue.uasset" 125
"../../../Engine/Content/EngineDamageTypes/DmgTypeBP_Environmental.uasset" 126
"../../../Engine/Content/EngineDebugMaterials/HeatmapGradient.uasset" 127
"../../../Engine/Content/EngineDebugMaterials/BoneWeightMaterial.uasset" 128
"../../../Engine/Content/EngineDebugMaterials/ClothMaterial.uasset" 129
"../../../Engine/Content/EngineDebugMaterials/ClothMaterial_WF.uasset" 130
"../../../Engine/Content/EngineDebugMaterials/DebugEditorMaterial.uasset" 131
"../../../Engine/Content/EngineDebugMaterials/DebugMeshMaterial.uasset" 132
"../../../Engine/Content/EngineDebugMaterials/GeomMaterial.uasset" 133
"../../../Engine/Content/EngineDebugMaterials/M_SimpleTranslucent.uasset" 134
"../../../Engine/Content/EngineFonts/Faces/RobotoBold.uasset" 135
"../../../Engine/Content/EngineFonts/Faces/RobotoBoldItalic.uasset" 136
"../../../Engine/Content/EngineFonts/Faces/RobotoItalic.uasset" 137
"../../../Engine/Content/EngineFonts/Faces/RobotoLight.uasset" 138
"../../../Engine/Content/EngineFonts/Faces/RobotoRegular.uasset" 139
"../../../Engine/Content/EngineFonts/Roboto.uasset" 140
"../../../Engine/Content/EngineFonts/Faces/RobotoTiny.uasset" 141
"../../../Engine/Content/EngineFonts/RobotoTiny.uasset" 142
"../../../Engine/Content/EngineMaterials/BaseFlattenDiffuseMap.uasset" 143
"../../../Engine/Content/EngineMaterials/BaseFlattenEmissiveMap.uasset" 144
"../../../Engine/Content/EngineMaterials/BaseFlattenGrayscaleMap.uasset" 145
"../../../Engine/Content/EngineMaterials/BaseFlattenNormalMap.uasset" 146
"../../../Engine/Content/EngineMaterials/BaseFlattenMaterial.uasset" 147
"../../../Engine/Content/EngineMaterials/DefaultBloomKernel.uasset" 148
"../../../Engine/Content/EngineMaterials/DefaultBokeh.uasset" 149
"../../../Engine/Content/EngineMaterials/DefaultDiffuse.uasset" 150
"../../../Engine/Content/EngineMaterials/DefaultDeferredDecalMaterial.uasset" 151
"../../../Engine/Content/EngineMaterials/DefaultLightFunctionMaterial.uasset" 152
"../../../Engine/Content/EngineMaterials/DefaultPhysicalMaterial.uasset" 153
"../../../Engine/Content/Functions/Engine_MaterialFunctions02/Utility/BreakOutFloat2Components.uasset" 154
"../../../Engine/Content/EngineMaterials/DefaultPostProcessMaterial.uasset" 155
"../../../Engine/Content/EngineFonts/RobotoDistanceField.uasset" 156
"../../../Engine/Content/EngineMaterials/DefaultTextMaterialOpaque.uasset" 157
"../../../Engine/Content/EngineMaterials/DefaultWhiteGrid.uasset" 158
"../../../Engine/Content/EngineMaterials/EditorBrushMaterial.uasset" 159
"../../../Engine/Content/EngineMaterials/Good64x64TilingNoiseHighFreq.uasset" 160
"../../../Engine/Content/EngineMaterials/MiniFont.uasset" 161
"../../../Engine/Content/EngineMaterials/InvalidLightmapSettings.uasset" 162
"../../../Engine/Content/EngineMaterials/M_InvalidLightmapSettings.uasset" 163
"../../../Engine/Content/Functions/Engine_MaterialFunctions02/WorldPositionOffset/CameraOffset.uasset" 164
"../../../Engine/Content/EngineMaterials/PhAT_JointLimitMaterial.uasset" 165
"../../../Engine/Content/EngineMaterials/PreintegratedSkinBRDF.uasset" 166
"../../../Engine/Content/EngineMaterials/RemoveSurfaceMaterial.uasset" 167
"../../../Engine/Content/EngineMaterials/WeightMapPlaceholderTexture.uasset" 168
"../../../Engine/Content/EngineResources/WhiteSquareTexture.uasset" 169
"../../../Engine/Content/EngineMaterials/Widget3DPassThrough.uasset" 170
"../../../Engine/Content/EngineMaterials/Widget3DPassThrough_Masked.uasset" 171
"../../../Engine/Content/EngineMaterials/Widget3DPassThrough_Opaque.uasset" 172
"../../../Engine/Content/EngineMaterials/Widget3DPassThrough_Masked_OneSided.uasset" 173
"../../../Engine/Content/EngineMaterials/Widget3DPassThrough_Opaque_OneSided.uasset" 174
"../../../Engine/Content/EngineMaterials/Widget3DPassThrough_Translucent.uasset" 175
"../../../Engine/Content/EngineMaterials/Widget3DPassThrough_Translucent_OneSided.uasset" 176
"../../../Engine/Content/EngineMeshes/Cylinder.uasset" 177
"../../../Engine/Content/EngineMeshes/Sphere.uasset" 178
"../../../Engine/Content/EngineResources/Black.uasset" 179
"../../../Engine/Content/EngineResources/DefaultTexture.uasset" 180
"../../../Engine/Content/EngineResources/DefaultTextureCube.uasset" 181
"../../../Engine/Content/EngineResources/DefaultVolumeTexture2D.uasset" 182
"../../../Engine/Content/EngineResources/DefaultVolumeTexture.uasset" 183
"../../../Engine/Content/EngineResources/GradientTexture0.uasset" 184
"../../../Engine/Content/EngineSounds/Master.uasset" 185
"../../../Engine/Content/Functions/Engine_MaterialFunctions01/Shading/ConvertFromDiffSpec.uasset" 186
"../../../Engine/Content/Functions/Engine_MaterialFunctions01/Shading/PowerToRoughness.uasset" 187
"../../../Engine/Content/Maps/Templates/Thumbnails/Default.uasset" 188
"../../../Engine/Content/Maps/Templates/Thumbnails/VR-Basic.uasset" 189
"../../../Engine/Content/MobileResources/T_MobileControls_texture.uasset" 190
"../../../Engine/Content/MobileResources/T_MobileMenu2.uasset" 191
"../../../Engine/Content/MobileResources/HUD/AnalogHat.uasset" 192
"../../../Engine/Content/MobileResources/HUD/VirtualJoystick_Background.uasset" 193
"../../../Engine/Content/MobileResources/HUD/VirtualJoystick_Thumb.uasset" 194
"../../../Engine/Content/MobileResources/HUD/DefaultVirtualJoysticks.uasset" 195
"../../../Engine/Content/MobileResources/HUD/LeftVirtualJoystickOnly.uasset" 196
"../../../Engine/Content/MobileResources/HUD/MobileHUDButton1_off.uasset" 197
"../../../Engine/Content/MobileResources/HUD/MobileHUDButton1_on.uasset" 198
"../../../Engine/Content/MobileResources/HUD/MobileHUDButton2_off.uasset" 199
"../../../Engine/Content/MobileResources/HUD/MobileHUDButton2_on.uasset" 200
"../../../Engine/Content/MobileResources/HUD/MobileHUDButton3.uasset" 201
"../../../Engine/Content/MobileResources/HUD/MobileHUDButtonFire.uasset" 202
"../../../Engine/Content/MobileResources/HUD/MobileHUDDirectionPad.uasset" 203
"../../../Engine/Content/MobileResources/HUD/MobileHUDDirectionPad2.uasset" 204
"../../../Engine/Content/MobileResources/HUD/MobileHUDDirectionPad3.uasset" 205
"../../../Engine/Content/MobileResources/HUD/MobileHUDDirectionStick.uasset" 206
"../../../Engine/Content/MobileResources/HUD/T_Castle_ThumbstickInner.uasset" 207
"../../../Engine/Content/MobileResources/HUD/T_Castle_ThumbstickOutter.uasset" 208
"../../../Engine/Content/Tutorial/ContentIntroCurve.uasset" 209
"../../../Engine/Content/Tutorial/Basics/LevelEditorAttract.uasset" 210
"../../../Engine/Content/VREditor/LaserPointer/VR_LaserPower_01.uasset" 211
"../../../Engine/Content/VREditor/TransformGizmo/TransformGizmoMaterial.uasset" 212
"../../../Engine/Content/VREditor/TransformGizmo/TranslucentTransformGizmoMaterial.uasset" 213
"../../../Engine/Content/VREditor/TransformGizmo/BoundingBoxCorner.uasset" 214
"../../../Engine/Content/VREditor/TransformGizmo/BoundingBoxEdge.uasset" 215
"../../../Engine/Content/VREditor/TransformGizmo/PlaneTranslationHandle.uasset" 216
"../../../Engine/Content/VREditor/TransformGizmo/Main.uasset" 217
"../../../Engine/Content/VREditor/TransformGizmo/Xray.uasset" 218
"../../../Engine/Content/VREditor/TransformGizmo/SM_Sequencer_Key.uasset" 219
"../../../Engine/Content/VREditor/TransformGizmo/SM_Sequencer_Node.uasset" 220
"../../Plugins/2D/Paper2D/Content/PlaceholderTextures/DummySpriteTexture.uasset" 221
"../../Plugins/2D/Paper2D/Content/DummySprite.uasset" 222
"../../Plugins/2D/Paper2D/Content/DefaultPaperTerrainMaterial.uasset" 223
"../../Plugins/2D/Paper2D/Content/DummySpriteTexture.uasset" 224
"../../Plugins/2D/Paper2D/Content/DefaultSpriteMaterial.uasset" 225
"../../Plugins/2D/Paper2D/Content/MaskedUnlitSpriteMaterial.uasset" 226
"../../Plugins/2D/Paper2D/Content/OpaqueUnlitSpriteMaterial.uasset" 227
"../../Plugins/Runtime/Oculus/OculusVR/Content/OculusMR_RenderTarget.uasset" 228
"../../../Engine/Content/Functions/Engine_MaterialFunctions02/Utility/BreakOutFloat4Components.uasset" 229
"../../../Engine/Content/Functions/Engine_MaterialFunctions02/Utility/MakeFloat2.uasset" 230
"../../../Engine/Content/Functions/Engine_MaterialFunctions02/Utility/MakeFloat3.uasset" 231
"../../Plugins/Runtime/Oculus/OculusVR/Content/Materials/OculusMR_ChromaKey.uasset" 232
"../../Plugins/Runtime/Oculus/OculusVR/Content/Materials/OculusMR_ChromaKey_Lit.uasset" 233
"../../Plugins/Runtime/Oculus/OculusVR/Content/Materials/OculusMR_OpaqueColoredMaterial.uasset" 234
"../../Plugins/Runtime/Oculus/OculusVR/Content/Materials/OculusMR_WhiteMaterial.uasset" 235
"../../Plugins/Runtime/Oculus/OculusVR/Content/Materials/PokeAHoleMaterial.uasset" 236
"../../Plugins/Runtime/Oculus/OculusVR/Content/Textures/GearVRController_AO.uasset" 237
"../../Plugins/Runtime/Oculus/OculusVR/Content/Textures/GearVRController_Color.uasset" 238
"../../Plugins/Runtime/Oculus/OculusVR/Content/Textures/GearVRController_Normal.uasset" 239
"../../Plugins/Runtime/Oculus/OculusVR/Content/Materials/GearVRControllerMaterial.uasset" 240
"../../Plugins/Runtime/Oculus/OculusVR/Content/Meshes/GearVrController.uasset" 241
"../../Plugins/Runtime/Oculus/OculusVR/Content/Textures/touchController_albedo.uasset" 242
"../../Plugins/Runtime/Oculus/OculusVR/Content/Textures/touchController_controlmap.uasset" 243
"../../Plugins/Runtime/Oculus/OculusVR/Content/Materials/touchController_mat.uasset" 244
"../../Plugins/Runtime/Oculus/OculusVR/Content/Meshes/LeftTouchController.uasset" 245
"../../Plugins/Runtime/Oculus/OculusVR/Content/Meshes/RiftHMD.uasset" 246
"../../Plugins/Runtime/Oculus/OculusVR/Content/Meshes/RightTouchController.uasset" 247
"../../../Engine/Content/EngineSky/C_Sky_Cloud_Color.uasset" 248
"../../../Engine/Content/EngineSky/C_Sky_Horizon_Color.uasset" 249
"../../../Engine/Content/EngineSky/C_Sky_Zenith_Color.uasset" 250
"../../../Engine/Content/EngineSky/T_Sky_Blue.uasset" 251
"../../../Engine/Content/EngineSky/T_Sky_Clouds_M.uasset" 252
"../../../Engine/Content/EngineSky/T_Sky_Stars.uasset" 253
"../../../Engine/Content/EngineSky/M_Sky_Panning_Clouds2.uasset" 254
"../../../Engine/Content/EngineSky/SM_SkySphere.uasset" 255
"../../../Engine/Content/EngineSky/BP_Sky_Sphere.uasset" 256
"D:/Unreal Engine/GitProjects/ExtraCredits_jam4th_multiplayer/Content/Art/Meshes/Button.uasset" 257
"D:/Unreal Engine/GitProjects/ExtraCredits_jam4th_multiplayer/Content/Art/Meshes/Button_container.uasset" 258
"D:/Unreal Engine/GitProjects/ExtraCredits_jam4th_multiplayer/Content/Art/Meshes/Button_Blueprint.uasset" 259
"D:/Unreal Engine/GitProjects/ExtraCredits_jam4th_multiplayer/Content/Art/Textures/Wall_Material_BaseColor.uasset" 260
"D:/Unreal Engine/GitProjects/ExtraCredits_jam4th_multiplayer/Content/Art/Textures/Wall_Material_Normal.uasset" 261
"D:/Unreal Engine/GitProjects/ExtraCredits_jam4th_multiplayer/Content/Art/Textures/Wall_Material_OcclusionRoughnessMetallic.uasset" 262
"D:/Unreal Engine/GitProjects/ExtraCredits_jam4th_multiplayer/Content/Art/Materials/M_Master.uasset" 263
"D:/Unreal Engine/GitProjects/ExtraCredits_jam4th_multiplayer/Content/Art/Textures/Pilar_DefaultMaterial_BaseColor.uasset" 264
"D:/Unreal Engine/GitProjects/ExtraCredits_jam4th_multiplayer/Content/Art/Textures/Pilar_DefaultMaterial_Normal.uasset" 265
"D:/Unreal Engine/GitProjects/ExtraCredits_jam4th_multiplayer/Content/Art/Textures/Pilar_DefaultMaterial_OcclusionRoughnessMetallic.uasset" 266
"D:/Unreal Engine/GitProjects/ExtraCredits_jam4th_multiplayer/Content/Art/Materials/MI_Pilar.uasset" 267
"D:/Unreal Engine/GitProjects/ExtraCredits_jam4th_multiplayer/Content/Art/Meshes/Pilar.uasset" 268
"D:/Unreal Engine/GitProjects/ExtraCredits_jam4th_multiplayer/Content/Art/Meshes/Wall.uasset" 269
"D:/Unreal Engine/GitProjects/ExtraCredits_jam4th_multiplayer/Content/Art/Meshes/Wall_Border.uasset" 270
"D:/Unreal Engine/GitProjects/ExtraCredits_jam4th_multiplayer/Content/Art/Meshes/Wall_Pillar.uasset" 271
"D:/Unreal Engine/GitProjects/ExtraCredits_jam4th_multiplayer/Content/Blueprints/FideosPlayTest.uasset" 272
"D:/Unreal Engine/GitProjects/ExtraCredits_jam4th_multiplayer/Content/Maps/MainLevel_BuiltData.uasset" 273
"D:/Unreal Engine/GitProjects/ExtraCredits_jam4th_multiplayer/Content/Art/Materials/M_ToonShader.uasset" 274
"D:/Unreal Engine/GitProjects/ExtraCredits_jam4th_multiplayer/Content/Art/Materials/M_ToonShader_Inst.uasset" 275
"D:/Unreal Engine/GitProjects/ExtraCredits_jam4th_multiplayer/Content/Art/Textures/character/magnet_bot_neutral_texture.uasset" 276
"D:/Unreal Engine/GitProjects/ExtraCredits_jam4th_multiplayer/Content/Art/Materials/M_Off.uasset" 277
"D:/Unreal Engine/GitProjects/ExtraCredits_jam4th_multiplayer/Content/Art/Meshes/Character/Magnet_bot.uasset" 278
"D:/Unreal Engine/GitProjects/ExtraCredits_jam4th_multiplayer/Content/Art/Textures/Floor_DefaultMaterial_BaseColor.uasset" 279
"D:/Unreal Engine/GitProjects/ExtraCredits_jam4th_multiplayer/Content/Art/Textures/Floor_DefaultMaterial_Normal.uasset" 280
"D:/Unreal Engine/GitProjects/ExtraCredits_jam4th_multiplayer/Content/Art/Textures/Floor_DefaultMaterial_OcclusionRoughnessMetallic.uasset" 281
"D:/Unreal Engine/GitProjects/ExtraCredits_jam4th_multiplayer/Content/Art/Materials/MI_Floor.uasset" 282
"D:/Unreal Engine/GitProjects/ExtraCredits_jam4th_multiplayer/Content/Art/Meshes/Floor.uasset" 283
"D:/Unreal Engine/GitProjects/ExtraCredits_jam4th_multiplayer/Content/Art/Meshes/Floor_Slipt.uasset" 284
"D:/Unreal Engine/GitProjects/ExtraCredits_jam4th_multiplayer/Content/Art/Meshes/Ramp.uasset" 285
"D:/Unreal Engine/GitProjects/ExtraCredits_jam4th_multiplayer/Content/Art/Textures/SquareRampConector_DefaultMaterial_BaseColor.uasset" 286
"D:/Unreal Engine/GitProjects/ExtraCredits_jam4th_multiplayer/Content/Art/Textures/SquareRampConector_DefaultMaterial_Normal.uasset" 287
"D:/Unreal Engine/GitProjects/ExtraCredits_jam4th_multiplayer/Content/Art/Textures/SquareRampConector_DefaultMaterial_OcclusionRoughnessMetallic.uasset" 288
"D:/Unreal Engine/GitProjects/ExtraCredits_jam4th_multiplayer/Content/Art/Materials/M_connectorRamp.uasset" 289
"D:/Unreal Engine/GitProjects/ExtraCredits_jam4th_multiplayer/Content/Art/Meshes/SquareRampConector.uasset" 290
"D:/Unreal Engine/GitProjects/ExtraCredits_jam4th_multiplayer/Content/Maps/MainLevel.umap" 291
"D:/Unreal Engine/GitProjects/ExtraCredits_jam4th_multiplayer/Content/MultiplayerTemplate/Levels/GameplayMap_BuiltData.uasset" 292
"../../../Engine/Content/BasicShapes/BasicShapeMaterial.uasset" 293
"../../../Engine/Content/BasicShapes/Cylinder.uasset" 294
"../../../Engine/Content/MapTemplates/SM_Template_Map_Floor.uasset" 295
"D:/Unreal Engine/GitProjects/ExtraCredits_jam4th_multiplayer/Content/MultiplayerTemplate/Levels/GameplayMap.umap" 296
"D:/Unreal Engine/GitProjects/ExtraCredits_jam4th_multiplayer/Content/MultiplayerTemplate/Blueprints/Lobby/LobbyGameMode.uasset" 297
"D:/Unreal Engine/GitProjects/ExtraCredits_jam4th_multiplayer/Content/MultiplayerTemplate/Levels/LobbyMap_BuiltData.uasset" 298
"D:/Unreal Engine/GitProjects/ExtraCredits_jam4th_multiplayer/Content/MultiplayerTemplate/Levels/LobbyMap.umap" 299
"D:/Unreal Engine/GitProjects/ExtraCredits_jam4th_multiplayer/Content/MultiplayerTemplate/Blueprints/MainMenu/MainMenuPlayerController.uasset" 300
"D:/Unreal Engine/GitProjects/ExtraCredits_jam4th_multiplayer/Content/MultiplayerTemplate/Blueprints/MainMenu/MainMenuGameMode.uasset" 301
"D:/Unreal Engine/GitProjects/ExtraCredits_jam4th_multiplayer/Content/MultiplayerTemplate/Levels/MainMenuMap_BuiltData.uasset" 302
"D:/Unreal Engine/GitProjects/ExtraCredits_jam4th_multiplayer/Content/MultiplayerTemplate/Levels/MainMenuMap.umap" 303
"D:/Unreal Engine/GitProjects/ExtraCredits_jam4th_multiplayer/Content/Core/Interactable/BaseBlueprints/BP_InteractableObjectsBase.uasset" 304
"D:/Unreal Engine/GitProjects/ExtraCredits_jam4th_multiplayer/Content/Core/Interactable/BaseBlueprints/BP_ButtonBase.uasset" 305
"D:/Unreal Engine/GitProjects/ExtraCredits_jam4th_multiplayer/Content/Art/M_Green.uasset" 306
"../../../Engine/Content/EngineMeshes/Cube.uasset" 307
"D:/Unreal Engine/GitProjects/ExtraCredits_jam4th_multiplayer/Content/Core/Interactable/BP_ButtonPlatform.uasset" 308
"../../../Engine/Content/BasicShapes/Cube.uasset" 309
"D:/Unreal Engine/GitProjects/ExtraCredits_jam4th_multiplayer/Content/Core/Interactable/BP_InteractablePlatform.uasset" 310
"D:/Unreal Engine/GitProjects/ExtraCredits_jam4th_multiplayer/Content/MultiplayerTemplate/Levels/ProtoTyping_Map_BuiltData.uasset" 311
"../../../Engine/Content/VREditor/BasicMeshes/T_CleanFloorGrunge_01_D.uasset" 312
"../../../Engine/Content/VREditor/BasicMeshes/M_Floor_01.uasset" 313
"../../../Engine/Content/VREditor/BasicMeshes/MI_Ball_01.uasset" 314
"../../../Engine/Content/VREditor/BasicMeshes/SM_Ball_01.uasset" 315
"../../../Engine/Content/VREditor/BasicMeshes/MI_Cube_01.uasset" 316
"../../../Engine/Content/VREditor/BasicMeshes/SM_Cube_01.uasset" 317
"../../../Engine/Content/VREditor/BasicMeshes/MI_Cube_02.uasset" 318
"../../../Engine/Content/VREditor/BasicMeshes/SM_Cube_02.uasset" 319
"../../../Engine/Content/VREditor/BasicMeshes/MI_Cube_03.uasset" 320
"../../../Engine/Content/VREditor/BasicMeshes/SM_Cube_03.uasset" 321
"../../../Engine/Content/VREditor/BasicMeshes/MI_Pyramid_01.uasset" 322
"../../../Engine/Content/VREditor/BasicMeshes/SM_Pyramid_01.uasset" 323
"../../../Engine/Content/VREditor/BasicMeshes/SM_Room_01.uasset" 324
"D:/Unreal Engine/GitProjects/ExtraCredits_jam4th_multiplayer/Content/MultiplayerTemplate/Levels/ProtoTyping_Map.umap" 325
"D:/Unreal Engine/GitProjects/ExtraCredits_jam4th_multiplayer/Content/MultiplayerTemplate/Levels/TransitionMap.umap" 326
"../../../Engine/Content/Maps/Entry_BuiltData.uasset" 327
"../../../Engine/Content/Maps/Entry.umap" 328
